<?xml version="1.0" encoding="UTF-8"?>
<!-- Generated by org.testng.reporters.JUnitReportReporter -->
<testsuite skipped="0" hostname="mc-s103883.lan" name="test.TestClass" tests="1" failures="0" timestamp="29 Aug 2017 18:36:06 GMT" time="5.374" errors="0">
  <testcase name="atTest" time="5.374" classname="test.TestClass"/>
</testsuite> <!-- test.TestClass -->
