<?xml version="1.0" encoding="UTF-8"?>
<!-- Generated by org.testng.reporters.JUnitReportReporter -->
<testsuite skipped="0" hostname="mc-s103883.local" name="test.FlipkartLaunch" tests="1" failures="0" timestamp="09 Oct 2017 09:41:48 GMT" time="3.007" errors="0">
  <testcase name="afterTestBlock" time="3.007" classname="test.FlipkartLaunch"/>
</testsuite> <!-- test.FlipkartLaunch -->
