<?xml version="1.0" encoding="UTF-8"?>
<!-- Generated by org.testng.reporters.JUnitReportReporter -->
<testsuite skipped="0" hostname="mc-s103883.local" name="test.JustTest" tests="1" failures="0" timestamp="18 Oct 2017 12:28:30 GMT" time="7.342" errors="0">
  <testcase name="realTest" time="7.342" classname="test.JustTest"/>
</testsuite> <!-- test.JustTest -->
